2025-09-30 17:19:22,424 - INFO - ============================================================
2025-09-30 17:19:22,424 - INFO - 视频处理开始
2025-09-30 17:19:22,424 - INFO - 源目录: D:\生活记录\254
2025-09-30 17:19:22,424 - INFO - 缓存目录: C:\Users\30278\Desktop\coding\coding_cache
2025-09-30 17:19:22,424 - INFO - 目标目录: C:\Users\30278\Desktop\coding\coding_result
2025-09-30 17:19:22,424 - INFO - ============================================================
2025-09-30 17:19:22,424 - INFO - 开始扫描源目录: D:\生活记录\254
2025-09-30 17:19:22,426 - INFO - 找到 167 个视频文件
2025-09-30 17:19:22,426 - INFO - 处理进度: 1/167 - Screenrecorder-2024-12-29-10-01-15-112.mp4
2025-09-30 17:19:22,863 - ERROR - 获取码率时出错: the JSON object must be str, bytes or bytearray, not NoneType
2025-09-30 17:19:22,864 - INFO - 处理文件: Screenrecorder-2024-12-29-10-01-15-112.mp4
2025-09-30 17:19:22,864 - INFO -   原始码率: 0.00 Mbps
2025-09-30 17:19:22,864 - INFO -   文件大小: 223.68 MB
2025-09-30 17:19:22,864 - INFO -   相对路径: 原神\Screenrecorder-2024-12-29-10-01-15-112.mp4
2025-09-30 17:19:22,864 - INFO -   操作: 直接复制 (码率未超过50M)
2025-09-30 17:19:24,950 - INFO -   结果: 复制完成
2025-09-30 17:19:24,950 - INFO -   耗时: 2.52秒
2025-09-30 17:19:24,951 - INFO -   最终码率: 0.00 Mbps (未压缩)
2025-09-30 17:19:24,951 - INFO - --------------------------------------------------
2025-09-30 17:19:24,951 - INFO - 处理进度: 2/167 - Yuan Shen 原神 2025.09.07 - 17.23.07.02.mp4
2025-09-30 17:19:25,083 - ERROR - 获取码率时出错: the JSON object must be str, bytes or bytearray, not NoneType
2025-09-30 17:19:25,083 - INFO - 处理文件: Yuan Shen 原神 2025.09.07 - 17.23.07.02.mp4
2025-09-30 17:19:25,083 - INFO -   原始码率: 0.00 Mbps
2025-09-30 17:19:25,083 - INFO -   文件大小: 525.55 MB
2025-09-30 17:19:25,084 - INFO -   相对路径: 原神\Yuan Shen 原神 2025.09.07 - 17.23.07.02.mp4
2025-09-30 17:19:25,084 - INFO -   操作: 直接复制 (码率未超过50M)
2025-09-30 17:19:29,452 - INFO -   结果: 复制完成
2025-09-30 17:19:29,452 - INFO -   耗时: 4.50秒
2025-09-30 17:19:29,452 - INFO -   最终码率: 0.00 Mbps (未压缩)
2025-09-30 17:19:29,453 - INFO - --------------------------------------------------
2025-09-30 17:19:29,453 - INFO - 处理进度: 3/167 - Yuan Shen 原神 2025.09.10 - 11.53.38.17.mp4
2025-09-30 17:19:29,607 - ERROR - 获取码率时出错: the JSON object must be str, bytes or bytearray, not NoneType
2025-09-30 17:19:29,607 - INFO - 处理文件: Yuan Shen 原神 2025.09.10 - 11.53.38.17.mp4
2025-09-30 17:19:29,608 - INFO -   原始码率: 0.00 Mbps
2025-09-30 17:19:29,608 - INFO -   文件大小: 472.81 MB
2025-09-30 17:19:29,608 - INFO -   相对路径: 原神\Yuan Shen 原神 2025.09.10 - 11.53.38.17.mp4
2025-09-30 17:19:29,608 - INFO -   操作: 直接复制 (码率未超过50M)
2025-09-30 17:23:18,358 - INFO - ============================================================
2025-09-30 17:23:18,359 - INFO - 视频处理开始
2025-09-30 17:23:18,359 - INFO - 源目录: D:\生活记录\254
2025-09-30 17:23:18,359 - INFO - 缓存目录: C:\Users\30278\Desktop\coding\coding_cache
2025-09-30 17:23:18,359 - INFO - 目标目录: C:\Users\30278\Desktop\coding\coding_result
2025-09-30 17:23:18,359 - INFO - ============================================================
2025-09-30 17:23:18,359 - INFO - 开始扫描源目录: D:\生活记录\254
2025-09-30 17:23:18,362 - INFO - 找到 167 个视频文件
2025-09-30 17:23:18,362 - INFO - 处理进度: 1/167 - Screenrecorder-2024-12-29-10-01-15-112.mp4
2025-09-30 17:23:18,440 - INFO - 处理文件: Screenrecorder-2024-12-29-10-01-15-112.mp4
2025-09-30 17:23:18,440 - INFO -   原始码率: 8.76 Mbps
2025-09-30 17:23:18,440 - INFO -   文件大小: 223.68 MB
2025-09-30 17:23:18,440 - INFO -   相对路径: 原神\Screenrecorder-2024-12-29-10-01-15-112.mp4
2025-09-30 17:23:18,441 - INFO -   操作: 直接复制 (码率未超过50M)
2025-09-30 17:23:18,495 - INFO -   结果: 复制完成
2025-09-30 17:23:18,496 - INFO -   耗时: 0.13秒
2025-09-30 17:23:18,496 - INFO -   最终码率: 8.76 Mbps (未压缩)
2025-09-30 17:23:18,496 - INFO - --------------------------------------------------
2025-09-30 17:23:18,496 - INFO - 处理进度: 2/167 - Yuan Shen 原神 2025.09.07 - 17.23.07.02.mp4
2025-09-30 17:23:18,579 - INFO - 处理文件: Yuan Shen 原神 2025.09.07 - 17.23.07.02.mp4
2025-09-30 17:23:18,579 - INFO -   原始码率: 87.68 Mbps
2025-09-30 17:23:18,580 - INFO -   文件大小: 525.55 MB
2025-09-30 17:23:18,580 - INFO -   相对路径: 原神\Yuan Shen 原神 2025.09.07 - 17.23.07.02.mp4
2025-09-30 17:23:18,580 - INFO -   操作: 需要压缩 (码率超过50M)
2025-09-30 17:23:18,580 - INFO -   压缩方式: 缓存压缩
2025-09-30 17:23:18,580 - INFO - 开始压缩（第一遍）: D:\生活记录\254\原神\Yuan Shen 原神 2025.09.07 - 17.23.07.02.mp4
2025-09-30 18:13:47,360 - INFO - ============================================================
2025-09-30 18:13:47,361 - INFO - 视频处理开始
2025-09-30 18:13:47,361 - INFO - 源目录: D:\生活记录\254
2025-09-30 18:13:47,361 - INFO - 缓存目录: C:\Users\30278\Desktop\coding\coding_cache
2025-09-30 18:13:47,361 - INFO - 目标目录: C:\Users\30278\Desktop\coding\coding_result
2025-09-30 18:13:47,361 - INFO - ============================================================
2025-09-30 18:13:47,361 - INFO - 开始扫描源目录: D:\生活记录\254
2025-09-30 18:13:47,364 - INFO - 找到 167 个视频文件
2025-09-30 18:13:47,364 - INFO - 处理进度: 1/167 - Screenrecorder-2024-12-29-10-01-15-112.mp4
2025-09-30 18:13:47,435 - INFO - 处理文件: Screenrecorder-2024-12-29-10-01-15-112.mp4
2025-09-30 18:13:47,436 - INFO -   原始码率: 8.76 Mbps
2025-09-30 18:13:47,436 - INFO -   文件大小: 223.68 MB
2025-09-30 18:13:47,436 - INFO -   相对路径: 原神\Screenrecorder-2024-12-29-10-01-15-112.mp4
2025-09-30 18:13:47,436 - INFO -   操作: 直接复制 (码率未超过50M)
2025-09-30 18:13:47,493 - INFO -   结果: 复制完成
2025-09-30 18:13:47,493 - INFO -   耗时: 0.13秒
2025-09-30 18:13:47,493 - INFO -   最终码率: 8.76 Mbps (未压缩)
2025-09-30 18:13:47,493 - INFO - --------------------------------------------------
2025-09-30 18:13:47,494 - INFO - 处理进度: 2/167 - Yuan Shen 原神 2025.09.07 - 17.23.07.02.mp4
2025-09-30 18:13:47,563 - INFO - 处理文件: Yuan Shen 原神 2025.09.07 - 17.23.07.02.mp4
2025-09-30 18:13:47,563 - INFO -   原始码率: 87.68 Mbps
2025-09-30 18:13:47,563 - INFO -   文件大小: 525.55 MB
2025-09-30 18:13:47,563 - INFO -   相对路径: 原神\Yuan Shen 原神 2025.09.07 - 17.23.07.02.mp4
2025-09-30 18:13:47,564 - INFO -   操作: 需要压缩 (码率超过50M)
2025-09-30 18:13:47,564 - INFO -   压缩方式: 缓存压缩
2025-09-30 18:13:47,564 - INFO - 开始压缩（第一遍）: D:\生活记录\254\原神\Yuan Shen 原神 2025.09.07 - 17.23.07.02.mp4
2025-09-30 18:22:01,966 - INFO - 开始压缩（第二遍）: D:\生活记录\254\原神\Yuan Shen 原神 2025.09.07 - 17.23.07.02.mp4
2025-09-30 18:32:09,503 - INFO - 压缩完成: C:\Users\30278\Desktop\coding\coding_cache\原神\Yuan Shen 原神 2025.09.07 - 17.23.07.02.mp4 (耗时: 1101.94秒)
2025-09-30 18:32:09,826 - INFO -   结果: 压缩并移动完成
2025-09-30 18:32:09,826 - INFO -   压缩耗时: 1101.94秒
2025-09-30 18:32:09,826 - INFO -   总耗时: 1102.33秒
2025-09-30 18:32:09,827 - INFO -   最终码率: 44.59 Mbps
2025-09-30 18:32:09,827 - INFO -   压缩后大小: 267.39 MB
2025-09-30 18:32:09,827 - INFO -   压缩率: 49.1%
2025-09-30 18:32:09,827 - INFO - --------------------------------------------------
2025-09-30 18:32:09,827 - INFO - 处理进度: 3/167 - Yuan Shen 原神 2025.09.10 - 11.53.38.17.mp4
2025-09-30 18:32:09,899 - INFO - 处理文件: Yuan Shen 原神 2025.09.10 - 11.53.38.17.mp4
2025-09-30 18:32:09,899 - INFO -   原始码率: 88.33 Mbps
2025-09-30 18:32:09,900 - INFO -   文件大小: 472.81 MB
2025-09-30 18:32:09,900 - INFO -   相对路径: 原神\Yuan Shen 原神 2025.09.10 - 11.53.38.17.mp4
2025-09-30 18:32:09,900 - INFO -   操作: 需要压缩 (码率超过50M)
2025-09-30 18:32:09,900 - INFO -   压缩方式: 缓存压缩
2025-09-30 18:32:09,900 - INFO - 开始压缩（第一遍）: D:\生活记录\254\原神\Yuan Shen 原神 2025.09.10 - 11.53.38.17.mp4
2025-09-30 18:39:38,042 - INFO - 开始压缩（第二遍）: D:\生活记录\254\原神\Yuan Shen 原神 2025.09.10 - 11.53.38.17.mp4
2025-09-30 18:46:50,632 - INFO - 压缩完成: C:\Users\30278\Desktop\coding\coding_cache\原神\Yuan Shen 原神 2025.09.10 - 11.53.38.17.mp4 (耗时: 880.73秒)
2025-09-30 18:46:50,666 - INFO -   结果: 压缩并移动完成
2025-09-30 18:46:50,666 - INFO -   压缩耗时: 880.73秒
2025-09-30 18:46:50,667 - INFO -   总耗时: 880.84秒
2025-09-30 18:46:50,667 - INFO -   最终码率: 47.05 Mbps
2025-09-30 18:46:50,667 - INFO -   压缩后大小: 251.86 MB
2025-09-30 18:46:50,667 - INFO -   压缩率: 46.7%
2025-09-30 18:46:50,668 - INFO - --------------------------------------------------
2025-09-30 18:46:50,668 - INFO - 处理进度: 4/167 - Yuan Shen 原神 2025.09.10 - 11.54.27.18.mp4
2025-09-30 18:46:50,856 - INFO - 处理文件: Yuan Shen 原神 2025.09.10 - 11.54.27.18.mp4
2025-09-30 18:46:50,856 - INFO -   原始码率: 61.86 Mbps
2025-09-30 18:46:50,856 - INFO -   文件大小: 12.51 MB
2025-09-30 18:46:50,856 - INFO -   相对路径: 原神\Yuan Shen 原神 2025.09.10 - 11.54.27.18.mp4
2025-09-30 18:46:50,856 - INFO -   操作: 需要压缩 (码率超过50M)
2025-09-30 18:46:50,856 - INFO -   压缩方式: 缓存压缩
2025-09-30 18:46:50,856 - INFO - 开始压缩（第一遍）: D:\生活记录\254\原神\Yuan Shen 原神 2025.09.10 - 11.54.27.18.mp4
2025-09-30 18:47:07,982 - INFO - 开始压缩（第二遍）: D:\生活记录\254\原神\Yuan Shen 原神 2025.09.10 - 11.54.27.18.mp4
2025-09-30 18:47:25,496 - INFO - 压缩完成: C:\Users\30278\Desktop\coding\coding_cache\原神\Yuan Shen 原神 2025.09.10 - 11.54.27.18.mp4 (耗时: 34.64秒)
2025-09-30 18:47:25,532 - INFO -   结果: 压缩并移动完成
2025-09-30 18:47:25,532 - INFO -   压缩耗时: 34.64秒
2025-09-30 18:47:25,532 - INFO -   总耗时: 34.86秒
2025-09-30 18:47:25,532 - INFO -   最终码率: 39.71 Mbps
2025-09-30 18:47:25,532 - INFO -   压缩后大小: 8.02 MB
2025-09-30 18:47:25,532 - INFO -   压缩率: 35.9%
2025-09-30 18:47:25,532 - INFO - --------------------------------------------------
2025-09-30 18:47:25,533 - INFO - 处理进度: 5/167 - Yuan Shen 原神 2025.09.10 - 11.54.51.19.mp4
2025-09-30 18:47:25,657 - INFO - 处理文件: Yuan Shen 原神 2025.09.10 - 11.54.51.19.mp4
2025-09-30 18:47:25,657 - INFO -   原始码率: 90.06 Mbps
2025-09-30 18:47:25,657 - INFO -   文件大小: 7374.66 MB
2025-09-30 18:47:25,657 - INFO -   相对路径: 原神\Yuan Shen 原神 2025.09.10 - 11.54.51.19.mp4
2025-09-30 18:47:25,657 - INFO -   操作: 需要压缩 (码率超过50M)
2025-09-30 18:47:25,657 - INFO -   压缩方式: 缓存压缩
2025-09-30 18:47:25,657 - INFO - 开始压缩（第一遍）: D:\生活记录\254\原神\Yuan Shen 原神 2025.09.10 - 11.54.51.19.mp4
2025-09-30 20:40:25,528 - INFO - ============================================================
2025-09-30 20:40:25,528 - INFO - 视频处理开始
2025-09-30 20:40:25,528 - INFO - 源目录: D:\生活记录\254
2025-09-30 20:40:25,528 - INFO - 缓存目录: C:\Users\30278\Desktop\coding\coding_cache
2025-09-30 20:40:25,528 - INFO - 目标目录: C:\Users\30278\Desktop\coding\coding_result
2025-09-30 20:40:25,529 - INFO - ============================================================
2025-09-30 20:40:25,529 - INFO - 开始扫描源目录: D:\生活记录\254
2025-09-30 20:40:25,530 - INFO - 找到 167 个视频文件
2025-09-30 20:40:25,530 - INFO - 处理进度: 1/167 - Screenrecorder-2024-12-29-10-01-15-112.mp4
2025-09-30 20:40:25,609 - INFO - 处理文件: Screenrecorder-2024-12-29-10-01-15-112.mp4
2025-09-30 20:40:25,609 - INFO -   原始码率: 8.76 Mbps
2025-09-30 20:40:25,609 - INFO -   文件大小: 223.68 MB
2025-09-30 20:40:25,609 - INFO -   相对路径: 原神\Screenrecorder-2024-12-29-10-01-15-112.mp4
2025-09-30 20:40:25,610 - INFO -   操作: 直接复制 (码率未超过50M)
2025-09-30 20:40:27,534 - INFO -   结果: 复制完成
2025-09-30 20:40:27,535 - INFO -   耗时: 2.00秒
2025-09-30 20:40:27,535 - INFO -   最终码率: 8.76 Mbps (未压缩)
2025-09-30 20:40:27,535 - INFO - --------------------------------------------------
2025-09-30 20:40:27,535 - INFO - 处理进度: 2/167 - Yuan Shen 原神 2025.09.07 - 17.23.07.02.mp4
2025-09-30 20:40:27,613 - INFO - 处理文件: Yuan Shen 原神 2025.09.07 - 17.23.07.02.mp4
2025-09-30 20:40:27,613 - INFO -   原始码率: 87.68 Mbps
2025-09-30 20:40:27,613 - INFO -   文件大小: 525.55 MB
2025-09-30 20:40:27,614 - INFO -   相对路径: 原神\Yuan Shen 原神 2025.09.07 - 17.23.07.02.mp4
2025-09-30 20:40:27,614 - INFO -   操作: 需要压缩 (码率超过50M)
2025-09-30 20:40:27,614 - INFO -   压缩方式: 缓存压缩
2025-09-30 20:40:27,615 - INFO - 开始压缩（第一遍）: D:\生活记录\254\原神\Yuan Shen 原神 2025.09.07 - 17.23.07.02.mp4
2025-09-30 20:48:33,937 - INFO - 开始压缩（第二遍）: D:\生活记录\254\原神\Yuan Shen 原神 2025.09.07 - 17.23.07.02.mp4
2025-09-30 20:56:53,642 - INFO - 压缩完成: C:\Users\30278\Desktop\coding\coding_cache\原神\Yuan Shen 原神 2025.09.07 - 17.23.07.02.mp4 (耗时: 986.03秒)
2025-09-30 20:56:53,670 - INFO -   结果: 压缩并移动完成
2025-09-30 20:56:53,671 - INFO -   压缩耗时: 986.03秒
2025-09-30 20:56:53,671 - INFO -   总耗时: 986.14秒
2025-09-30 20:56:53,671 - INFO -   最终码率: 44.60 Mbps
2025-09-30 20:56:53,671 - INFO -   压缩后大小: 267.43 MB
2025-09-30 20:56:53,671 - INFO -   压缩率: 49.1%
2025-09-30 20:56:53,671 - INFO - --------------------------------------------------
2025-09-30 20:56:53,672 - INFO - 处理进度: 3/167 - Yuan Shen 原神 2025.09.10 - 11.53.38.17.mp4
2025-09-30 20:56:53,755 - INFO - 处理文件: Yuan Shen 原神 2025.09.10 - 11.53.38.17.mp4
2025-09-30 20:56:53,756 - INFO -   原始码率: 88.33 Mbps
2025-09-30 20:56:53,756 - INFO -   文件大小: 472.81 MB
2025-09-30 20:56:53,756 - INFO -   相对路径: 原神\Yuan Shen 原神 2025.09.10 - 11.53.38.17.mp4
2025-09-30 20:56:53,756 - INFO -   操作: 需要压缩 (码率超过50M)
2025-09-30 20:56:53,756 - INFO -   压缩方式: 缓存压缩
2025-09-30 20:56:53,756 - INFO - 开始压缩（第一遍）: D:\生活记录\254\原神\Yuan Shen 原神 2025.09.10 - 11.53.38.17.mp4
2025-09-30 21:03:52,144 - INFO - 开始压缩（第二遍）: D:\生活记录\254\原神\Yuan Shen 原神 2025.09.10 - 11.53.38.17.mp4
2025-09-30 21:10:51,346 - INFO - 压缩完成: C:\Users\30278\Desktop\coding\coding_cache\原神\Yuan Shen 原神 2025.09.10 - 11.53.38.17.mp4 (耗时: 837.59秒)
2025-09-30 21:10:51,377 - INFO -   结果: 压缩并移动完成
2025-09-30 21:10:51,378 - INFO -   压缩耗时: 837.59秒
2025-09-30 21:10:51,378 - INFO -   总耗时: 837.71秒
2025-09-30 21:10:51,378 - INFO -   最终码率: 47.04 Mbps
2025-09-30 21:10:51,378 - INFO -   压缩后大小: 251.82 MB
2025-09-30 21:10:51,378 - INFO -   压缩率: 46.7%
2025-09-30 21:10:51,378 - INFO - --------------------------------------------------
2025-09-30 21:10:51,379 - INFO - 处理进度: 4/167 - Yuan Shen 原神 2025.09.10 - 11.54.27.18.mp4
2025-09-30 21:10:51,513 - INFO - 处理文件: Yuan Shen 原神 2025.09.10 - 11.54.27.18.mp4
2025-09-30 21:10:51,513 - INFO -   原始码率: 61.86 Mbps
2025-09-30 21:10:51,514 - INFO -   文件大小: 12.51 MB
2025-09-30 21:10:51,514 - INFO -   相对路径: 原神\Yuan Shen 原神 2025.09.10 - 11.54.27.18.mp4
2025-09-30 21:10:51,514 - INFO -   操作: 需要压缩 (码率超过50M)
2025-09-30 21:10:51,514 - INFO -   压缩方式: 缓存压缩
2025-09-30 21:10:51,514 - INFO - 开始压缩（第一遍）: D:\生活记录\254\原神\Yuan Shen 原神 2025.09.10 - 11.54.27.18.mp4
2025-09-30 21:11:08,202 - INFO - 开始压缩（第二遍）: D:\生活记录\254\原神\Yuan Shen 原神 2025.09.10 - 11.54.27.18.mp4
2025-09-30 21:11:25,260 - INFO - 压缩完成: C:\Users\30278\Desktop\coding\coding_cache\原神\Yuan Shen 原神 2025.09.10 - 11.54.27.18.mp4 (耗时: 33.75秒)
2025-09-30 21:11:25,289 - INFO -   结果: 压缩并移动完成
2025-09-30 21:11:25,289 - INFO -   压缩耗时: 33.75秒
2025-09-30 21:11:25,290 - INFO -   总耗时: 33.91秒
2025-09-30 21:11:25,290 - INFO -   最终码率: 39.71 Mbps
2025-09-30 21:11:25,290 - INFO -   压缩后大小: 8.02 MB
2025-09-30 21:11:25,290 - INFO -   压缩率: 35.9%
2025-09-30 21:11:25,290 - INFO - --------------------------------------------------
2025-09-30 21:11:25,290 - INFO - 处理进度: 5/167 - Yuan Shen 原神 2025.09.10 - 11.54.51.19.mp4
2025-09-30 21:11:25,381 - INFO - 处理文件: Yuan Shen 原神 2025.09.10 - 11.54.51.19.mp4
2025-09-30 21:11:25,382 - INFO -   原始码率: 90.06 Mbps
2025-09-30 21:11:25,382 - INFO -   文件大小: 7374.66 MB
2025-09-30 21:11:25,382 - INFO -   相对路径: 原神\Yuan Shen 原神 2025.09.10 - 11.54.51.19.mp4
2025-09-30 21:11:25,382 - INFO -   操作: 需要压缩 (码率超过50M)
2025-09-30 21:11:25,382 - INFO -   压缩方式: 缓存压缩
2025-09-30 21:11:25,383 - INFO - 开始压缩（第一遍）: D:\生活记录\254\原神\Yuan Shen 原神 2025.09.10 - 11.54.51.19.mp4
2025-09-30 22:47:41,745 - INFO - 开始压缩（第二遍）: D:\生活记录\254\原神\Yuan Shen 原神 2025.09.10 - 11.54.51.19.mp4
2025-09-30 23:48:30,115 - INFO - ============================================================
2025-09-30 23:48:30,116 - INFO - 视频处理开始
2025-09-30 23:48:30,116 - INFO - 源目录: D:\生活记录\254
2025-09-30 23:48:30,116 - INFO - 缓存目录: C:\Users\30278\Desktop\coding\coding_cache
2025-09-30 23:48:30,116 - INFO - 目标目录: C:\Users\30278\Desktop\coding\coding_result
2025-09-30 23:48:30,116 - INFO - ============================================================
2025-09-30 23:48:30,116 - INFO - 开始扫描源目录: D:\生活记录\254
2025-09-30 23:48:30,119 - INFO - 找到 163 个视频文件
2025-09-30 23:48:30,119 - INFO - 处理进度: 1/163 - Yuan Shen 原神 2025.09.10 - 11.54.51.19.mp4
2025-09-30 23:48:30,505 - INFO - 处理文件: Yuan Shen 原神 2025.09.10 - 11.54.51.19.mp4
2025-09-30 23:48:30,506 - INFO -   原始码率: 90.06 Mbps
2025-09-30 23:48:30,506 - INFO -   文件大小: 7374.66 MB
2025-09-30 23:48:30,506 - INFO -   相对路径: 原神\Yuan Shen 原神 2025.09.10 - 11.54.51.19.mp4
2025-09-30 23:48:30,506 - INFO -   操作: 需要压缩 (码率超过50M)
2025-09-30 23:48:30,507 - INFO -   压缩方式: 缓存压缩
2025-09-30 23:48:30,507 - INFO - 开始压缩（第一遍）: D:\生活记录\254\原神\Yuan Shen 原神 2025.09.10 - 11.54.51.19.mp4
2025-10-01 01:24:05,282 - INFO - 开始压缩（第二遍）: D:\生活记录\254\原神\Yuan Shen 原神 2025.09.10 - 11.54.51.19.mp4
2025-10-01 03:00:06,586 - INFO - 压缩完成: C:\Users\30278\Desktop\coding\coding_cache\原神\Yuan Shen 原神 2025.09.10 - 11.54.51.19.mp4 (耗时: 11496.08秒)
2025-10-01 03:00:06,633 - INFO -   结果: 压缩并移动完成
2025-10-01 03:00:06,633 - INFO -   压缩耗时: 11496.08秒
2025-10-01 03:00:06,633 - INFO -   总耗时: 11496.51秒
2025-10-01 03:00:06,633 - INFO -   最终码率: 43.79 Mbps
2025-10-01 03:00:06,633 - INFO -   压缩后大小: 3586.94 MB
2025-10-01 03:00:06,633 - INFO -   压缩率: 51.4%
2025-10-01 03:00:06,634 - INFO - --------------------------------------------------
2025-10-01 03:00:06,634 - INFO - 处理进度: 2/163 - Yuan Shen 原神 2025.09.10 - 12.06.18.20.mp4
2025-10-01 03:00:06,886 - INFO - 处理文件: Yuan Shen 原神 2025.09.10 - 12.06.18.20.mp4
2025-10-01 03:00:06,887 - INFO -   原始码率: 84.87 Mbps
2025-10-01 03:00:06,887 - INFO -   文件大小: 1588.45 MB
2025-10-01 03:00:06,887 - INFO -   相对路径: 原神\Yuan Shen 原神 2025.09.10 - 12.06.18.20.mp4
2025-10-01 03:00:06,887 - INFO -   操作: 需要压缩 (码率超过50M)
2025-10-01 03:00:06,888 - INFO -   压缩方式: 缓存压缩
2025-10-01 03:00:06,888 - INFO - 开始压缩（第一遍）: D:\生活记录\254\原神\Yuan Shen 原神 2025.09.10 - 12.06.18.20.mp4
2025-10-01 03:04:18,723 - INFO - ============================================================
2025-10-01 03:04:18,723 - INFO - 视频处理开始
2025-10-01 03:04:18,723 - INFO - 源目录: D:\生活记录\254
2025-10-01 03:04:18,724 - INFO - 缓存目录: C:\Users\30278\Desktop\coding\coding_cache
2025-10-01 03:04:18,724 - INFO - 目标目录: C:\Users\30278\Desktop\coding\coding_result
2025-10-01 03:04:18,724 - INFO - ============================================================
2025-10-01 03:04:18,724 - INFO - 开始扫描源目录: D:\生活记录\254
2025-10-01 03:04:18,726 - INFO - 找到 163 个视频文件
2025-10-01 03:04:18,726 - INFO - 处理进度: 1/163 - Yuan Shen 原神 2025.09.10 - 12.06.18.20.mp4
2025-10-01 03:04:18,938 - INFO - 处理文件: Yuan Shen 原神 2025.09.10 - 12.06.18.20.mp4
2025-10-01 03:04:18,938 - INFO -   原始码率: 84.87 Mbps
2025-10-01 03:04:18,939 - INFO -   文件大小: 1588.45 MB
2025-10-01 03:04:18,939 - INFO -   相对路径: 原神\Yuan Shen 原神 2025.09.10 - 12.06.18.20.mp4
2025-10-01 03:04:18,939 - INFO -   操作: 需要压缩 (码率超过50M)
2025-10-01 03:04:18,939 - INFO -   压缩方式: 缓存压缩
2025-10-01 03:04:18,939 - INFO - 开始压缩视频: D:\生活记录\254\原神\Yuan Shen 原神 2025.09.10 - 12.06.18.20.mp4
2025-10-01 03:25:15,014 - INFO - 压缩完成: C:\Users\30278\Desktop\coding\coding_cache\原神\Yuan Shen 原神 2025.09.10 - 12.06.18.20.mp4 (耗时: 1256.07秒)
2025-10-01 03:25:15,049 - INFO -   结果: 压缩并移动完成
2025-10-01 03:25:15,050 - INFO -   压缩耗时: 1256.07秒
2025-10-01 03:25:15,050 - INFO -   总耗时: 1256.32秒
2025-10-01 03:25:15,050 - INFO -   最终码率: 44.00 Mbps
2025-10-01 03:25:15,050 - INFO -   压缩后大小: 823.66 MB
2025-10-01 03:25:15,051 - INFO -   压缩率: 48.1%
2025-10-01 03:25:15,051 - INFO - --------------------------------------------------
2025-10-01 03:25:15,051 - INFO - 处理进度: 2/163 - Yuan Shen 原神 2025.09.10 - 12.41.22.21.mp4
2025-10-01 03:25:15,217 - INFO - 处理文件: Yuan Shen 原神 2025.09.10 - 12.41.22.21.mp4
2025-10-01 03:25:15,217 - INFO -   原始码率: 90.24 Mbps
2025-10-01 03:25:15,218 - INFO -   文件大小: 27439.17 MB
2025-10-01 03:25:15,218 - INFO -   相对路径: 原神\Yuan Shen 原神 2025.09.10 - 12.41.22.21.mp4
2025-10-01 03:25:15,218 - INFO -   操作: 需要压缩 (码率超过50M)
2025-10-01 03:25:15,218 - INFO -   压缩方式: 缓存压缩
2025-10-01 03:25:15,218 - INFO - 开始压缩视频: D:\生活记录\254\原神\Yuan Shen 原神 2025.09.10 - 12.41.22.21.mp4
2025-10-01 03:27:44,059 - INFO - ============================================================
2025-10-01 03:27:44,060 - INFO - 视频处理开始
2025-10-01 03:27:44,060 - INFO - 源目录: D:\生活记录\254
2025-10-01 03:27:44,060 - INFO - 缓存目录: C:\Users\30278\Desktop\coding\coding_cache
2025-10-01 03:27:44,060 - INFO - 目标目录: C:\Users\30278\Desktop\coding\coding_result
2025-10-01 03:27:44,060 - INFO - ============================================================
2025-10-01 03:27:44,060 - INFO - 开始扫描源目录: D:\生活记录\254
2025-10-01 03:27:44,062 - INFO - 找到 161 个视频文件
2025-10-01 03:27:44,063 - INFO - 处理进度: 1/161 - Yuan Shen 原神 2025.09.10 - 12.41.22.21.mp4
2025-10-01 03:27:44,143 - INFO - 处理文件: Yuan Shen 原神 2025.09.10 - 12.41.22.21.mp4
2025-10-01 03:27:44,143 - INFO -   原始码率: 90.24 Mbps
2025-10-01 03:27:44,143 - INFO -   文件大小: 27439.17 MB
2025-10-01 03:27:44,144 - INFO -   相对路径: 原神\Yuan Shen 原神 2025.09.10 - 12.41.22.21.mp4
2025-10-01 03:27:44,144 - INFO -   操作: 需要压缩 (码率超过50M)
2025-10-01 03:27:44,144 - INFO -   压缩方式: 缓存压缩
2025-10-01 03:27:44,144 - INFO - 开始压缩视频: D:\生活记录\254\原神\Yuan Shen 原神 2025.09.10 - 12.41.22.21.mp4
2025-10-01 09:43:16,271 - INFO - 压缩完成: C:\Users\30278\Desktop\coding\coding_cache\原神\Yuan Shen 原神 2025.09.10 - 12.41.22.21.mp4 (耗时: 22532.13秒)
2025-10-01 09:43:16,641 - INFO -   结果: 压缩并移动完成
2025-10-01 09:43:16,641 - INFO -   压缩耗时: 22532.13秒
2025-10-01 09:43:16,641 - INFO -   总耗时: 22532.58秒
2025-10-01 09:43:16,641 - INFO -   最终码率: 45.50 Mbps
2025-10-01 09:43:16,642 - INFO -   压缩后大小: 13839.67 MB
2025-10-01 09:43:16,642 - INFO -   压缩率: 49.6%
2025-10-01 09:43:16,642 - INFO - --------------------------------------------------
2025-10-01 09:43:16,642 - INFO - 处理进度: 2/161 - Yuan Shen 原神 2025.09.10 - 13.24.14.23.mp4
2025-10-01 09:43:16,860 - INFO - 处理文件: Yuan Shen 原神 2025.09.10 - 13.24.14.23.mp4
2025-10-01 09:43:16,861 - INFO -   原始码率: 76.64 Mbps
2025-10-01 09:43:16,861 - INFO -   文件大小: 9622.65 MB
2025-10-01 09:43:16,861 - INFO -   相对路径: 原神\Yuan Shen 原神 2025.09.10 - 13.24.14.23.mp4
2025-10-01 09:43:16,861 - INFO -   操作: 需要压缩 (码率超过50M)
2025-10-01 09:43:16,861 - INFO -   压缩方式: 缓存压缩
2025-10-01 09:43:16,861 - INFO - 开始压缩视频: D:\生活记录\254\原神\Yuan Shen 原神 2025.09.10 - 13.24.14.23.mp4
2025-10-01 12:01:35,286 - INFO - 压缩完成: C:\Users\30278\Desktop\coding\coding_cache\原神\Yuan Shen 原神 2025.09.10 - 13.24.14.23.mp4 (耗时: 8298.42秒)
2025-10-01 12:01:35,333 - INFO -   结果: 压缩并移动完成
2025-10-01 12:01:35,334 - INFO -   压缩耗时: 8298.42秒
2025-10-01 12:01:35,334 - INFO -   总耗时: 8298.69秒
2025-10-01 12:01:35,334 - INFO -   最终码率: 37.25 Mbps
2025-10-01 12:01:35,335 - INFO -   压缩后大小: 4679.79 MB
2025-10-01 12:01:35,335 - INFO -   压缩率: 51.4%
2025-10-01 12:01:35,335 - INFO - --------------------------------------------------
2025-10-01 12:01:35,335 - INFO - 处理进度: 3/161 - Yuan Shen 原神 2025.09.10 - 18.03.30.25.mp4
2025-10-01 12:01:35,420 - INFO - 处理文件: Yuan Shen 原神 2025.09.10 - 18.03.30.25.mp4
2025-10-01 12:01:35,420 - INFO -   原始码率: 51.71 Mbps
2025-10-01 12:01:35,420 - INFO -   文件大小: 82.36 MB
2025-10-01 12:01:35,420 - INFO -   相对路径: 原神\Yuan Shen 原神 2025.09.10 - 18.03.30.25.mp4
2025-10-01 12:01:35,421 - INFO -   操作: 需要压缩 (码率超过50M)
2025-10-01 12:01:35,421 - INFO -   压缩方式: 缓存压缩
2025-10-01 12:01:35,421 - INFO - 开始压缩视频: D:\生活记录\254\原神\Yuan Shen 原神 2025.09.10 - 18.03.30.25.mp4
2025-10-01 12:02:25,114 - INFO - 压缩完成: C:\Users\30278\Desktop\coding\coding_cache\原神\Yuan Shen 原神 2025.09.10 - 18.03.30.25.mp4 (耗时: 49.69秒)
2025-10-01 12:02:25,140 - INFO -   结果: 压缩并移动完成
2025-10-01 12:02:25,140 - INFO -   压缩耗时: 49.69秒
2025-10-01 12:02:25,140 - INFO -   总耗时: 49.80秒
2025-10-01 12:02:25,141 - INFO -   最终码率: 12.39 Mbps
2025-10-01 12:02:25,141 - INFO -   压缩后大小: 19.92 MB
2025-10-01 12:02:25,141 - INFO -   压缩率: 75.8%
2025-10-01 12:02:25,141 - INFO - --------------------------------------------------
2025-10-01 12:02:25,142 - INFO - 处理进度: 4/161 - Yuan Shen 原神 2025.09.10 - 18.03.45.26.mp4
2025-10-01 12:02:25,320 - INFO - 处理文件: Yuan Shen 原神 2025.09.10 - 18.03.45.26.mp4
2025-10-01 12:02:25,320 - INFO -   原始码率: 33.49 Mbps
2025-10-01 12:02:25,320 - INFO -   文件大小: 15.90 MB
2025-10-01 12:02:25,321 - INFO -   相对路径: 原神\Yuan Shen 原神 2025.09.10 - 18.03.45.26.mp4
2025-10-01 12:02:25,321 - INFO -   操作: 直接复制 (码率未超过50M)
2025-10-01 12:02:25,407 - INFO -   结果: 复制完成
2025-10-01 12:02:25,407 - INFO -   耗时: 0.26秒
2025-10-01 12:02:25,408 - INFO -   最终码率: 33.49 Mbps (未压缩)
2025-10-01 12:02:25,408 - INFO - --------------------------------------------------
2025-10-01 12:02:25,408 - INFO - 处理进度: 5/161 - Yuan Shen 原神 2025.09.10 - 18.04.10.27.mp4
2025-10-01 12:02:25,686 - INFO - 处理文件: Yuan Shen 原神 2025.09.10 - 18.04.10.27.mp4
2025-10-01 12:02:25,686 - INFO -   原始码率: 90.14 Mbps
2025-10-01 12:02:25,686 - INFO -   文件大小: 75295.31 MB
2025-10-01 12:02:25,686 - INFO -   相对路径: 原神\Yuan Shen 原神 2025.09.10 - 18.04.10.27.mp4
2025-10-01 12:02:25,686 - INFO -   操作: 需要压缩 (码率超过50M)
2025-10-01 12:02:25,687 - INFO -   压缩方式: 缓存压缩
2025-10-01 12:02:25,687 - INFO - 开始压缩视频: D:\生活记录\254\原神\Yuan Shen 原神 2025.09.10 - 18.04.10.27.mp4
2025-10-02 07:01:11,005 - INFO - 压缩完成: C:\Users\30278\Desktop\coding\coding_cache\原神\Yuan Shen 原神 2025.09.10 - 18.04.10.27.mp4 (耗时: 68325.31秒)
2025-10-02 07:01:11,425 - INFO -   结果: 压缩并移动完成
2025-10-02 07:01:11,425 - INFO -   压缩耗时: 68325.31秒
2025-10-02 07:01:11,425 - INFO -   总耗时: 68326.02秒
2025-10-02 07:01:11,426 - INFO -   最终码率: 44.59 Mbps
2025-10-02 07:01:11,426 - INFO -   压缩后大小: 37260.39 MB
2025-10-02 07:01:11,426 - INFO -   压缩率: 50.5%
2025-10-02 07:01:11,426 - INFO - --------------------------------------------------
2025-10-02 07:01:11,426 - INFO - 处理进度: 6/161 - Yuan Shen 原神 2025.09.11 - 12.43.26.03.mp4
2025-10-02 07:01:11,689 - INFO - 处理文件: Yuan Shen 原神 2025.09.11 - 12.43.26.03.mp4
2025-10-02 07:01:11,689 - INFO -   原始码率: 90.13 Mbps
2025-10-02 07:01:11,689 - INFO -   文件大小: 63658.56 MB
2025-10-02 07:01:11,689 - INFO -   相对路径: 原神\Yuan Shen 原神 2025.09.11 - 12.43.26.03.mp4
2025-10-02 07:01:11,689 - INFO -   操作: 需要压缩 (码率超过50M)
2025-10-02 07:01:11,689 - INFO -   压缩方式: 缓存压缩
2025-10-02 07:01:11,690 - INFO - 开始压缩视频: D:\生活记录\254\原神\Yuan Shen 原神 2025.09.11 - 12.43.26.03.mp4
