2025-09-08 15:18:41,403 - INFO - ============================================================
2025-09-08 15:18:41,404 - INFO - 视频处理开始
2025-09-08 15:18:41,404 - INFO - 源目录: C:\Users\30278\Videos\NVIDIA
2025-09-08 15:18:41,404 - INFO - 缓存目录: 不使用
2025-09-08 15:18:41,404 - INFO - 目标目录: F:\
2025-09-08 15:18:41,404 - INFO - ============================================================
2025-09-08 15:18:41,404 - INFO - 开始扫描源目录: C:\Users\30278\Videos\NVIDIA
2025-09-08 15:18:41,405 - INFO - 找到 3 个视频文件
2025-09-08 15:18:41,405 - INFO - 处理进度: 1/3 - Wuthering Waves 2025.09.07 - 18.39.53.02.mp4
2025-09-08 15:18:41,517 - INFO - 处理文件: Wuthering Waves 2025.09.07 - 18.39.53.02.mp4
2025-09-08 15:18:41,517 - INFO -   原始码率: 90.08 Mbps
2025-09-08 15:18:41,517 - INFO -   文件大小: 10503.49 MB
2025-09-08 15:18:41,517 - INFO -   相对路径: Wuthering Waves\Wuthering Waves 2025.09.07 - 18.39.53.02.mp4
2025-09-08 15:18:41,517 - INFO -   操作: 需要压缩 (码率超过50M)
2025-09-08 15:18:41,518 - INFO -   压缩方式: 直接压缩到目标目录
2025-09-08 15:18:41,518 - INFO - 开始压缩视频: C:\Users\30278\Videos\NVIDIA\Wuthering Waves\Wuthering Waves 2025.09.07 - 18.39.53.02.mp4
2025-09-08 15:52:58,426 - INFO - 压缩完成: F:\Wuthering Waves\Wuthering Waves 2025.09.07 - 18.39.53.02.mp4 (耗时: 2056.91秒)
2025-09-08 15:52:58,470 - INFO -   结果: 压缩完成
2025-09-08 15:52:58,470 - INFO -   压缩耗时: 2056.91秒
2025-09-08 15:52:58,471 - INFO -   总耗时: 2057.06秒
2025-09-08 15:52:58,471 - INFO -   最终码率: 44.59 Mbps
2025-09-08 15:52:58,471 - INFO -   压缩后大小: 5201.41 MB
2025-09-08 15:52:58,471 - INFO -   压缩率: 50.5%
2025-09-08 15:52:58,472 - INFO - 处理进度: 2/3 - Yuan Shen 原神 2025.09.07 - 17.23.07.02.mp4
2025-09-08 15:52:58,557 - ERROR - 获取码率时出错: the JSON object must be str, bytes or bytearray, not NoneType
2025-09-08 15:52:58,557 - INFO - 处理文件: Yuan Shen 原神 2025.09.07 - 17.23.07.02.mp4
2025-09-08 15:52:58,557 - INFO -   原始码率: 0.00 Mbps
2025-09-08 15:52:58,558 - INFO -   文件大小: 525.55 MB
2025-09-08 15:52:58,558 - INFO -   相对路径: Yuan Shen 原神\Yuan Shen 原神 2025.09.07 - 17.23.07.02.mp4
2025-09-08 15:52:58,558 - INFO -   操作: 直接复制 (码率未超过50M)
2025-09-08 15:52:58,764 - INFO -   结果: 复制完成
2025-09-08 15:52:58,764 - INFO -   耗时: 0.29秒
2025-09-08 15:52:58,765 - INFO -   最终码率: 0.00 Mbps (未压缩)
2025-09-08 15:52:58,765 - INFO - --------------------------------------------------
2025-09-08 15:52:58,765 - INFO - 处理进度: 3/3 - Zenless Zone Zero 2025.09.07 - 18.57.18.03.mp4
2025-09-08 15:52:58,869 - INFO - 处理文件: Zenless Zone Zero 2025.09.07 - 18.57.18.03.mp4
2025-09-08 15:52:58,869 - INFO -   原始码率: 90.16 Mbps
2025-09-08 15:52:58,869 - INFO -   文件大小: 28007.71 MB
2025-09-08 15:52:58,869 - INFO -   相对路径: Zenless Zone Zero\Zenless Zone Zero 2025.09.07 - 18.57.18.03.mp4
2025-09-08 15:52:58,870 - INFO -   操作: 需要压缩 (码率超过50M)
2025-09-08 15:52:58,870 - INFO -   压缩方式: 直接压缩到目标目录
2025-09-08 15:52:58,870 - INFO - 开始压缩视频: C:\Users\30278\Videos\NVIDIA\Zenless Zone Zero\Zenless Zone Zero 2025.09.07 - 18.57.18.03.mp4
2025-09-08 17:39:11,003 - INFO - 压缩完成: F:\Zenless Zone Zero\Zenless Zone Zero 2025.09.07 - 18.57.18.03.mp4 (耗时: 6372.13秒)
2025-09-08 17:39:11,347 - INFO -   结果: 压缩完成
2025-09-08 17:39:11,347 - INFO -   压缩耗时: 6372.13秒
2025-09-08 17:39:11,348 - INFO -   总耗时: 6372.58秒
2025-09-08 17:39:11,348 - INFO -   最终码率: 44.95 Mbps
2025-09-08 17:39:11,348 - INFO -   压缩后大小: 13966.76 MB
2025-09-08 17:39:11,348 - INFO -   压缩率: 50.1%
2025-09-08 17:39:11,348 - INFO - ============================================================
2025-09-08 17:39:11,348 - INFO - 处理完成！成功处理 3/3 个文件
2025-09-08 17:39:11,348 - INFO - ============================================================
